0 info it worked if it ends with ok
1 verbose cli [ '/home/pinchuk_a/.nvm/v0.10.40/bin/node',
1 verbose cli   '/home/pinchuk_a/.nvm/v0.10.40/bin/npm',
1 verbose cli   'install',
1 verbose cli   'jquery',
1 verbose cli   '2.2.4' ]
2 info using npm@1.4.28
3 info using node@v0.10.40
4 verbose readDependencies using package.json deps
5 verbose cache add [ 'jquery', null ]
6 verbose cache add name=undefined spec="jquery" args=["jquery",null]
7 verbose parsed url { protocol: null,
7 verbose parsed url   slashes: null,
7 verbose parsed url   auth: null,
7 verbose parsed url   host: null,
7 verbose parsed url   port: null,
7 verbose parsed url   hostname: null,
7 verbose parsed url   hash: null,
7 verbose parsed url   search: null,
7 verbose parsed url   query: null,
7 verbose parsed url   pathname: 'jquery',
7 verbose parsed url   path: 'jquery',
7 verbose parsed url   href: 'jquery' }
8 verbose cache add [ '2.2.4', null ]
9 verbose cache add name=undefined spec="2.2.4" args=["2.2.4",null]
10 verbose parsed url { protocol: null,
10 verbose parsed url   slashes: null,
10 verbose parsed url   auth: null,
10 verbose parsed url   host: null,
10 verbose parsed url   port: null,
10 verbose parsed url   hostname: null,
10 verbose parsed url   hash: null,
10 verbose parsed url   search: null,
10 verbose parsed url   query: null,
10 verbose parsed url   pathname: '2.2.4',
10 verbose parsed url   path: '2.2.4',
10 verbose parsed url   href: '2.2.4' }
11 silly lockFile 6f2ab963-jquery jquery
12 verbose lock jquery /home/pinchuk_a/.npm/6f2ab963-jquery.lock
13 silly lockFile 47ac56cc-2-2-4 2.2.4
14 verbose lock 2.2.4 /home/pinchuk_a/.npm/47ac56cc-2-2-4.lock
15 silly lockFile 6f2ab963-jquery jquery
16 silly lockFile 6f2ab963-jquery jquery
17 silly lockFile 47ac56cc-2-2-4 2.2.4
18 silly lockFile 47ac56cc-2-2-4 2.2.4
19 verbose addNamed [ 'jquery', '' ]
20 verbose addNamed [ null, '*' ]
21 silly lockFile 039e748d-jquery jquery@
22 verbose lock jquery@ /home/pinchuk_a/.npm/039e748d-jquery.lock
23 verbose addNamed [ '2.2.4', '' ]
24 verbose addNamed [ null, '*' ]
25 silly lockFile a8f89358-2-2-4 2.2.4@
26 verbose lock 2.2.4@ /home/pinchuk_a/.npm/a8f89358-2-2-4.lock
27 silly addNameRange { name: 'jquery', range: '*', hasData: false }
28 silly addNameRange { name: '2.2.4', range: '*', hasData: false }
29 verbose request where is /2.2.4
30 verbose request registry https://registry.npmjs.org/
31 verbose request id 4d7d68965d8bd2cc
32 verbose url raw /2.2.4
33 verbose url resolving [ 'https://registry.npmjs.org/', './2.2.4' ]
34 verbose url resolved https://registry.npmjs.org/2.2.4
35 verbose request where is https://registry.npmjs.org/2.2.4
36 info trying registry request attempt 1 at 11:28:08
37 http GET https://registry.npmjs.org/2.2.4
38 verbose request where is /jquery
39 verbose request registry https://registry.npmjs.org/
40 verbose url raw /jquery
41 verbose url resolving [ 'https://registry.npmjs.org/', './jquery' ]
42 verbose url resolved https://registry.npmjs.org/jquery
43 verbose request where is https://registry.npmjs.org/jquery
44 info trying registry request attempt 1 at 11:28:08
45 verbose etag W/"5865d7e5-14816"
46 http GET https://registry.npmjs.org/jquery
47 http 304 https://registry.npmjs.org/jquery
48 silly registry.get cb [ 304,
48 silly registry.get   { date: 'Tue, 03 Jan 2017 09:28:08 GMT',
48 silly registry.get     via: '1.1 varnish',
48 silly registry.get     'cache-control': 'max-age=300',
48 silly registry.get     etag: 'W/"5865d7e5-14816"',
48 silly registry.get     age: '94',
48 silly registry.get     connection: 'keep-alive',
48 silly registry.get     'x-served-by': 'cache-hhn1541-HHN',
48 silly registry.get     'x-cache': 'HIT',
48 silly registry.get     'x-cache-hits': '2',
48 silly registry.get     'x-timer': 'S1483435688.471552,VS0,VE0',
48 silly registry.get     vary: 'Accept-Encoding' } ]
49 verbose etag https://registry.npmjs.org/jquery from cache
50 silly addNameRange number 2 { name: 'jquery', range: '*', hasData: true }
51 silly addNameRange versions [ 'jquery',
51 silly addNameRange   [ '1.5.1',
51 silly addNameRange     '1.6.2',
51 silly addNameRange     '1.6.3',
51 silly addNameRange     '1.7.2',
51 silly addNameRange     '1.7.3',
51 silly addNameRange     '1.8.2',
51 silly addNameRange     '1.8.3',
51 silly addNameRange     '2.1.0-beta2',
51 silly addNameRange     '2.1.0-beta3',
51 silly addNameRange     '1.11.0-beta3',
51 silly addNameRange     '1.11.0-rc1',
51 silly addNameRange     '2.1.0-rc1',
51 silly addNameRange     '1.11.0',
51 silly addNameRange     '2.1.0',
51 silly addNameRange     '2.1.1-beta1',
51 silly addNameRange     '1.11.1-beta1',
51 silly addNameRange     '2.1.1-rc1',
51 silly addNameRange     '1.11.1-rc1',
51 silly addNameRange     '2.1.1-rc2',
51 silly addNameRange     '1.11.1-rc2',
51 silly addNameRange     '2.1.1',
51 silly addNameRange     '1.11.1',
51 silly addNameRange     '1.9.1',
51 silly addNameRange     '2.1.2',
51 silly addNameRange     '1.11.2',
51 silly addNameRange     '2.1.3',
51 silly addNameRange     '2.1.4',
51 silly addNameRange     '1.11.3',
51 silly addNameRange     '3.0.0-alpha1',
51 silly addNameRange     '1.12.0',
51 silly addNameRange     '2.2.0',
51 silly addNameRange     '3.0.0-beta1',
51 silly addNameRange     '1.12.1',
51 silly addNameRange     '2.2.1',
51 silly addNameRange     '1.12.2',
51 silly addNameRange     '2.2.2',
51 silly addNameRange     '1.12.3',
51 silly addNameRange     '2.2.3',
51 silly addNameRange     '1.12.4',
51 silly addNameRange     '2.2.4',
51 silly addNameRange     '3.0.0-rc1',
51 silly addNameRange     '3.0.0',
51 silly addNameRange     '3.1.0',
51 silly addNameRange     '3.1.1' ] ]
52 verbose addNamed [ 'jquery', '3.1.1' ]
53 verbose addNamed [ '3.1.1', '3.1.1' ]
54 silly lockFile 79852303-jquery-3-1-1 jquery@3.1.1
55 verbose lock jquery@3.1.1 /home/pinchuk_a/.npm/79852303-jquery-3-1-1.lock
56 silly lockFile 79852303-jquery-3-1-1 jquery@3.1.1
57 silly lockFile 79852303-jquery-3-1-1 jquery@3.1.1
58 silly lockFile 039e748d-jquery jquery@
59 silly lockFile 039e748d-jquery jquery@
60 http 404 https://registry.npmjs.org/2.2.4
61 silly registry.get cb [ 404,
61 silly registry.get   { 'content-type': 'application/json',
61 silly registry.get     'cache-control': 'max-age=0',
61 silly registry.get     'content-length': '2',
61 silly registry.get     'accept-ranges': 'bytes',
61 silly registry.get     date: 'Tue, 03 Jan 2017 09:28:08 GMT',
61 silly registry.get     via: '1.1 varnish',
61 silly registry.get     age: '0',
61 silly registry.get     connection: 'keep-alive',
61 silly registry.get     'x-served-by': 'cache-hhn1545-HHN',
61 silly registry.get     'x-cache': 'MISS',
61 silly registry.get     'x-cache-hits': '0',
61 silly registry.get     'x-timer': 'S1483435688.473202,VS0,VE405',
61 silly registry.get     vary: 'Accept-Encoding' } ]
62 silly lockFile a8f89358-2-2-4 2.2.4@
63 silly lockFile a8f89358-2-2-4 2.2.4@
64 error 404 Not Found
64 error 404
64 error 404 '2.2.4' is not in the npm registry.
64 error 404 You should bug the author to publish it
64 error 404
64 error 404 Note that you can also install from a
64 error 404 tarball, folder, or http url, or git url.
65 error System Linux 3.13.0-64-generic
66 error command "/home/pinchuk_a/.nvm/v0.10.40/bin/node" "/home/pinchuk_a/.nvm/v0.10.40/bin/npm" "install" "jquery" "2.2.4"
67 error cwd /home/pinchuk_a/Projects/blog
68 error node -v v0.10.40
69 error npm -v 1.4.28
70 error code E404
71 verbose exit [ 1, true ]
